<?xml version="1.0" encoding="UTF-8"?>
<!-- Generated by org.testng.reporters.JUnitXMLReporter -->
<testsuite ignored="2" hostname="DESKTOP-A11BB6J" failures="1" tests="7" name="PositiveTest" time="1.133" errors="0" timestamp="2022-06-01T18:59:49 IST">
  <testcase classname="Test.Zerodhaloginpagetest" name="test1" time="0.004"/>
  <testcase classname="Test.ZerodhapageTestParameter" name="testc" time="0.001"/>
  <testcase classname="Test.ZerodhapageTestParameter" name="testc" time="0.001"/>
  <testcase classname="Test.ZerodhapageTestParameter" name="testa" time="1.012">
    <failure type="org.testng.internal.thread.ThreadTimeoutException" message="Method Test.ZerodhapageTestParameter.testa() didn&amp;apos;t finish within the time-out 1000">
      <![CDATA[org.testng.internal.thread.ThreadTimeoutException: Method Test.ZerodhapageTestParameter.testa() didn't finish within the time-out 1000
at java.base/java.util.ArrayList.forEach(ArrayList.java:1511)
... Removed 24 stack frames]]>
    </failure>
  </testcase> <!-- testa -->
  <testcase classname="Test.ZerodhapageTestParameter" name="testd" time="0.001">
    <skipped/>
  </testcase> <!-- testd -->
  <testcase classname="Test.ZerodhapageTestParameter" name="testf" time="0.003"/>
  <testcase classname="Test.ZerodhapageTestParameter" name="testb" time="0.002"/>
  <testcase classname="Test.ZerodhapageTestParameter" name="teste" time="0.0">
    <ignored/>
  </testcase> <!-- teste -->
  <testcase classname="Test.Zerodhaloginpagetest" name="test2" time="0.0">
    <ignored/>
  </testcase> <!-- test2 -->
</testsuite> <!-- PositiveTest -->
